Сборка начата 23.02.2018 16:18:12.
     1>Проект "B:\programs\integral\ConsoleApplication1\ConsoleApplication1\ConsoleApplication1.vcxproj" в узле 2 (целевые объекты Build).
     1>ClCompile:
         G:\VS13\VC\bin\CL.exe /c /ZI /nologo /W3 /WX- /Od /Oy- /D WIN32 /D _DEBUG /D _CONSOLE /D _LIB /D _UNICODE /D UNICODE /Gm /EHsc /RTC1 /MDd /GS /fp:precise /Zc:wchar_t /Zc:forScope /Fo"Debug\\" /Fd"Debug\vc120.pdb" /Gd /TP /analyze- /errorReport:prompt Source.cpp
         Source.cpp
     1>b:\programs\integral\consoleapplication1\consoleapplication1\source.cpp(13): warning C4244: инициализация: преобразование "double" в "int", возможна потеря данных
     1>b:\programs\integral\consoleapplication1\consoleapplication1\source.cpp(15): warning C4244: *=: преобразование "double" в "int", возможна потеря данных
     1>b:\programs\integral\consoleapplication1\consoleapplication1\source.cpp(42): warning C4101: i: неиспользованная локальная переменная
     1>b:\programs\integral\consoleapplication1\consoleapplication1\source.cpp(93): warning C4018: <: несоответствие типов со знаком и без знака
     1>b:\programs\integral\consoleapplication1\consoleapplication1\source.cpp(110): warning C4018: <: несоответствие типов со знаком и без знака
     1>b:\programs\integral\consoleapplication1\consoleapplication1\source.cpp(135): warning C4244: аргумент: преобразование "double" в "float", возможна потеря данных
     1>b:\programs\integral\consoleapplication1\consoleapplication1\source.cpp(136): warning C4244: аргумент: преобразование "double" в "float", возможна потеря данных
     1>b:\programs\integral\consoleapplication1\consoleapplication1\source.cpp(143): warning C4244: аргумент: преобразование "double" в "float", возможна потеря данных
     1>b:\programs\integral\consoleapplication1\consoleapplication1\source.cpp(144): warning C4244: аргумент: преобразование "double" в "float", возможна потеря данных
     1>b:\programs\integral\consoleapplication1\consoleapplication1\source.cpp(149): warning C4244: аргумент: преобразование "double" в "float", возможна потеря данных
     1>b:\programs\integral\consoleapplication1\consoleapplication1\source.cpp(150): warning C4244: аргумент: преобразование "double" в "float", возможна потеря данных
       Link:
         G:\VS13\VC\bin\link.exe /ERRORREPORT:PROMPT /OUT:"B:\programs\integral\ConsoleApplication1\Debug\ConsoleApplication1.exe" /INCREMENTAL /NOLOGO kernel32.lib user32.lib gdi32.lib winspool.lib comdlg32.lib advapi32.lib shell32.lib ole32.lib oleaut32.lib uuid.lib odbc32.lib odbccp32.lib /MANIFEST /MANIFESTUAC:"level='asInvoker' uiAccess='false'" /manifest:embed /DEBUG /PDB:"B:\programs\integral\ConsoleApplication1\Debug\ConsoleApplication1.pdb" /SUBSYSTEM:CONSOLE /TLBID:1 /DYNAMICBASE /NXCOMPAT /IMPLIB:"B:\programs\integral\ConsoleApplication1\Debug\ConsoleApplication1.lib" /MACHINE:X86 Debug\Source.obj
         ConsoleApplication1.vcxproj -> B:\programs\integral\ConsoleApplication1\Debug\ConsoleApplication1.exe
     1>Сборка проекта "B:\programs\integral\ConsoleApplication1\ConsoleApplication1\ConsoleApplication1.vcxproj" завершена (целевые объекты Build).

Сборка успешно завершена.

Затраченное время: 00:00:00.90
